<?xml version="1.0" encoding="UTF-8"?>
<!-- Generated by org.testng.reporters.JUnitXMLReporter -->
<testsuite hostname="DESKTOP-0TKBUGG" ignored="0" name="IEBrowser" tests="1" failures="0" timestamp="10 Feb 2020 10:26:35 GMT" time="0.757" errors="0">
  <testcase name="@BeforeClass launchChrome" time="0.677" classname="com.psr.PageObject.BaseClass">
    <failure type="java.lang.IllegalStateException" message="The driver executable does not exist: E:\PSR_PROJECT\PSR_PROJECT\.\IEDriverServer.exe">
      <![CDATA[java.lang.IllegalStateException: The driver executable does not exist: E:\PSR_PROJECT\PSR_PROJECT\.\IEDriverServer.exe
at com.google.common.base.Preconditions.checkState(Preconditions.java:585)
at org.openqa.selenium.remote.service.DriverService.checkExecutable(DriverService.java:137)
at org.openqa.selenium.remote.service.DriverService.findExecutable(DriverService.java:132)
at org.openqa.selenium.ie.InternetExplorerDriverService.access$000(InternetExplorerDriverService.java:35)
at org.openqa.selenium.ie.InternetExplorerDriverService$Builder.findDefaultExecutable(InternetExplorerDriverService.java:188)
at org.openqa.selenium.remote.service.DriverService$Builder.build(DriverService.java:346)
at org.openqa.selenium.ie.InternetExplorerDriver.setupService(InternetExplorerDriver.java:281)
at org.openqa.selenium.ie.InternetExplorerDriver.<init>(InternetExplorerDriver.java:211)
at org.openqa.selenium.ie.InternetExplorerDriver.<init>(InternetExplorerDriver.java:150)
at com.psr.PageObject.BaseClass.launchChrome(BaseClass.java:57)
at java.util.concurrent.FutureTask.run(FutureTask.java:266)
at java.util.concurrent.ThreadPoolExecutor.runWorker(ThreadPoolExecutor.java:1149)
at java.util.concurrent.ThreadPoolExecutor$Worker.run(ThreadPoolExecutor.java:624)
at java.lang.Thread.run(Thread.java:748)
... Removed 17 stack frames]]>
    </failure>
  </testcase> <!-- @BeforeClass launchChrome -->
  <testcase name="@AfterClass close" time="0.0" classname="com.psr.PageObject.BaseClass">
    <skipped/>
  </testcase> <!-- @AfterClass close -->
  <testcase name="location" time="0.001" classname="com.psr.TestCases.EventCode">
    <skipped/>
  </testcase> <!-- location -->
</testsuite> <!-- IEBrowser -->
