<?xml version="1.0" encoding="UTF-8"?>
<!-- Generated by org.testng.reporters.JUnitXMLReporter -->
<testsuite hostname="DESKTOP-0TKBUGG" ignored="0" name="Test" tests="1" failures="0" timestamp="09 Mar 2021 14:27:11 GMT" time="80.602" errors="0">
  <testcase name="@AfterTest close" time="0.0" classname="com.psr.PageObject.BaseClass">
    <failure type="org.testng.TestNGException" message="
Can inject only one of &amp;lt;ITestContext, XmlTest&amp;gt; into a @AfterTest annotated close.
For more information on native dependency injection please refer to http://testng.org/doc/documentation-main.html#native-dependency-injection">
      <![CDATA[org.testng.TestNGException: 
Can inject only one of <ITestContext, XmlTest> into a @AfterTest annotated close.
For more information on native dependency injection please refer to http://testng.org/doc/documentation-main.html#native-dependency-injection
... Removed 21 stack frames]]>
    </failure>
  </testcase> <!-- @AfterTest close -->
  <testcase name="createEventModel" time="62.733" classname="com.psr.TestCases.eventModelCreation"/>
</testsuite> <!-- Test -->
