<?xml version="1.0" encoding="UTF-8"?>
<!-- Generated by org.testng.reporters.JUnitXMLReporter -->
<testsuite hostname="DESKTOP-0TKBUGG" ignored="0" name="Command line test" tests="5" failures="1" timestamp="09 Mar 2021 13:57:17 GMT" time="3.485" errors="0">
  <testcase name="ExportExcel" time="0.006" classname="com.psr.TestCases.ReportsTest"/>
  <testcase name="ImportExcel" time="0.001" classname="com.psr.TestCases.ReportsTest"/>
  <testcase name="Save" time="0.0" classname="com.psr.TestCases.ReportsTest">
    <failure type="junit.framework.AssertionFailedError">
      <![CDATA[junit.framework.AssertionFailedError
at junit.framework.Assert.fail(Assert.java:47)
at junit.framework.Assert.assertTrue(Assert.java:20)
at junit.framework.Assert.assertTrue(Assert.java:27)
at com.psr.TestCases.ReportsTest.Save(ReportsTest.java:60)
... Removed 35 stack frames]]>
    </failure>
  </testcase> <!-- Save -->
  <testcase name="ShowAndHide" time="0.0" classname="com.psr.TestCases.ReportsTest"/>
  <testcase name="Editable" time="3.024" classname="com.psr.TestCases.Test12"/>
</testsuite> <!-- Command line test -->
