<?xml version="1.0" encoding="UTF-8"?>
<testng-results skipped="0" failed="1" ignored="0" total="5" passed="4">
  <reporter-output>
  </reporter-output>
  <suite name="Command line suite" duration-ms="3485" started-at="2021-03-09T13:57:13Z" finished-at="2021-03-09T13:57:17Z">
    <groups>
    </groups>
    <test name="Command line test" duration-ms="3485" started-at="2021-03-09T13:57:13Z" finished-at="2021-03-09T13:57:17Z">
      <class name="com.psr.TestCases.ReportsTest">
        <test-method status="PASS" signature="before()[pri:0, instance:com.psr.TestCases.ReportsTest@32ee6fee]" name="before" is-config="true" duration-ms="128" started-at="2021-03-09T13:57:13Z" finished-at="2021-03-09T13:57:14Z">
          <reporter-output>
          </reporter-output>
        </test-method> <!-- before -->
        <test-method status="PASS" signature="ExportExcel()[pri:0, instance:com.psr.TestCases.ReportsTest@32ee6fee]" name="ExportExcel" duration-ms="6" started-at="2021-03-09T13:57:14Z" finished-at="2021-03-09T13:57:14Z">
          <reporter-output>
          </reporter-output>
        </test-method> <!-- ExportExcel -->
        <test-method status="PASS" signature="After(org.testng.ITestResult)[pri:0, instance:com.psr.TestCases.ReportsTest@32ee6fee]" name="After" is-config="true" duration-ms="3" started-at="2021-03-09T13:57:14Z" finished-at="2021-03-09T13:57:14Z">
          <params>
            <param index="0">
              <value>
                <![CDATA[[TestResult name=ExportExcel status=SUCCESS method=ReportsTest.ExportExcel()[pri:0, instance:com.psr.TestCases.ReportsTest@32ee6fee] output={null}]]]>
              </value>
            </param>
          </params>
          <reporter-output>
          </reporter-output>
        </test-method> <!-- After -->
        <test-method status="PASS" signature="ImportExcel()[pri:0, instance:com.psr.TestCases.ReportsTest@32ee6fee]" name="ImportExcel" duration-ms="1" started-at="2021-03-09T13:57:14Z" finished-at="2021-03-09T13:57:14Z">
          <reporter-output>
          </reporter-output>
        </test-method> <!-- ImportExcel -->
        <test-method status="PASS" signature="After(org.testng.ITestResult)[pri:0, instance:com.psr.TestCases.ReportsTest@32ee6fee]" name="After" is-config="true" duration-ms="0" started-at="2021-03-09T13:57:14Z" finished-at="2021-03-09T13:57:14Z">
          <params>
            <param index="0">
              <value>
                <![CDATA[[TestResult name=ImportExcel status=SUCCESS method=ReportsTest.ImportExcel()[pri:0, instance:com.psr.TestCases.ReportsTest@32ee6fee] output={null}]]]>
              </value>
            </param>
          </params>
          <reporter-output>
          </reporter-output>
        </test-method> <!-- After -->
        <test-method status="FAIL" signature="Save()[pri:0, instance:com.psr.TestCases.ReportsTest@32ee6fee]" name="Save" duration-ms="0" started-at="2021-03-09T13:57:14Z" finished-at="2021-03-09T13:57:14Z">
          <exception class="junit.framework.AssertionFailedError">
            <full-stacktrace>
              <![CDATA[junit.framework.AssertionFailedError
at junit.framework.Assert.fail(Assert.java:47)
at junit.framework.Assert.assertTrue(Assert.java:20)
at junit.framework.Assert.assertTrue(Assert.java:27)
at com.psr.TestCases.ReportsTest.Save(ReportsTest.java:60)
at sun.reflect.NativeMethodAccessorImpl.invoke0(Native Method)
at sun.reflect.NativeMethodAccessorImpl.invoke(NativeMethodAccessorImpl.java:62)
at sun.reflect.DelegatingMethodAccessorImpl.invoke(DelegatingMethodAccessorImpl.java:43)
at java.lang.reflect.Method.invoke(Method.java:498)
at org.testng.internal.MethodInvocationHelper.invokeMethod(MethodInvocationHelper.java:124)
at org.testng.internal.Invoker.invokeMethod(Invoker.java:583)
at org.testng.internal.Invoker.invokeTestMethod(Invoker.java:719)
at org.testng.internal.Invoker.invokeTestMethods(Invoker.java:989)
at org.testng.internal.TestMethodWorker.invokeTestMethods(TestMethodWorker.java:125)
at org.testng.internal.TestMethodWorker.run(TestMethodWorker.java:109)
at org.testng.TestRunner.privateRun(TestRunner.java:648)
at org.testng.TestRunner.run(TestRunner.java:505)
at org.testng.SuiteRunner.runTest(SuiteRunner.java:455)
at org.testng.SuiteRunner.runSequentially(SuiteRunner.java:450)
at org.testng.SuiteRunner.privateRun(SuiteRunner.java:415)
at org.testng.SuiteRunner.run(SuiteRunner.java:364)
at org.testng.SuiteRunnerWorker.runSuite(SuiteRunnerWorker.java:52)
at org.testng.SuiteRunnerWorker.run(SuiteRunnerWorker.java:84)
at org.testng.TestNG.runSuitesSequentially(TestNG.java:1208)
at org.testng.TestNG.runSuitesLocally(TestNG.java:1137)
at org.testng.TestNG.runSuites(TestNG.java:1049)
at org.testng.TestNG.run(TestNG.java:1017)
at org.apache.maven.surefire.testng.TestNGExecutor.run(TestNGExecutor.java:77)
at org.apache.maven.surefire.testng.TestNGDirectoryTestSuite.executeMulti(TestNGDirectoryTestSuite.java:159)
at org.apache.maven.surefire.testng.TestNGDirectoryTestSuite.execute(TestNGDirectoryTestSuite.java:99)
at org.apache.maven.surefire.testng.TestNGProvider.invoke(TestNGProvider.java:106)
at sun.reflect.NativeMethodAccessorImpl.invoke0(Native Method)
at sun.reflect.NativeMethodAccessorImpl.invoke(NativeMethodAccessorImpl.java:62)
at sun.reflect.DelegatingMethodAccessorImpl.invoke(DelegatingMethodAccessorImpl.java:43)
at java.lang.reflect.Method.invoke(Method.java:498)
at org.apache.maven.surefire.util.ReflectionUtils.invokeMethodWithArray(ReflectionUtils.java:189)
at org.apache.maven.surefire.booter.ProviderFactory$ProviderProxy.invoke(ProviderFactory.java:165)
at org.apache.maven.surefire.booter.ProviderFactory.invokeProvider(ProviderFactory.java:85)
at org.apache.maven.surefire.booter.ForkedBooter.runSuitesInProcess(ForkedBooter.java:115)
at org.apache.maven.surefire.booter.ForkedBooter.main(ForkedBooter.java:75)
]]>
            </full-stacktrace>
          </exception> <!-- junit.framework.AssertionFailedError -->
          <reporter-output>
          </reporter-output>
        </test-method> <!-- Save -->
        <test-method status="PASS" signature="After(org.testng.ITestResult)[pri:0, instance:com.psr.TestCases.ReportsTest@32ee6fee]" name="After" is-config="true" duration-ms="1" started-at="2021-03-09T13:57:14Z" finished-at="2021-03-09T13:57:14Z">
          <params>
            <param index="0">
              <value>
                <![CDATA[[TestResult name=Save status=FAILURE method=ReportsTest.Save()[pri:0, instance:com.psr.TestCases.ReportsTest@32ee6fee] output={null}]]]>
              </value>
            </param>
          </params>
          <reporter-output>
          </reporter-output>
        </test-method> <!-- After -->
        <test-method status="PASS" signature="After(org.testng.ITestResult)[pri:0, instance:com.psr.TestCases.ReportsTest@32ee6fee]" name="After" is-config="true" duration-ms="1" started-at="2021-03-09T13:57:14Z" finished-at="2021-03-09T13:57:14Z">
          <params>
            <param index="0">
              <value>
                <![CDATA[[TestResult name=ShowAndHide status=SUCCESS method=ReportsTest.ShowAndHide()[pri:0, instance:com.psr.TestCases.ReportsTest@32ee6fee] output={null}]]]>
              </value>
            </param>
          </params>
          <reporter-output>
          </reporter-output>
        </test-method> <!-- After -->
        <test-method status="PASS" signature="ShowAndHide()[pri:0, instance:com.psr.TestCases.ReportsTest@32ee6fee]" name="ShowAndHide" duration-ms="0" started-at="2021-03-09T13:57:14Z" finished-at="2021-03-09T13:57:14Z">
          <reporter-output>
          </reporter-output>
        </test-method> <!-- ShowAndHide -->
        <test-method status="PASS" signature="teardown()[pri:0, instance:com.psr.TestCases.ReportsTest@32ee6fee]" name="teardown" is-config="true" duration-ms="296" started-at="2021-03-09T13:57:17Z" finished-at="2021-03-09T13:57:17Z">
          <reporter-output>
          </reporter-output>
        </test-method> <!-- teardown -->
      </class> <!-- com.psr.TestCases.ReportsTest -->
      <class name="com.psr.TestCases.Test12">
        <test-method status="PASS" signature="Editable()[pri:0, instance:com.psr.TestCases.Test12@4d0f2471]" name="Editable" duration-ms="3024" started-at="2021-03-09T13:57:14Z" finished-at="2021-03-09T13:57:17Z">
          <reporter-output>
          </reporter-output>
        </test-method> <!-- Editable -->
      </class> <!-- com.psr.TestCases.Test12 -->
    </test> <!-- Command line test -->
  </suite> <!-- Command line suite -->
</testng-results>
